app/build/intermediates/manifest_merge_blame_file/debug/processDebugMainManifest/manifest-merger-blame-debug-report.txt
1<?xml version="1.0" encoding="utf-8"?>
2<manifest xmlns:android="http://schemas.android.com/apk/res/android"
3    package="com.todo.notes"
4    android:versionCode="1"
5    android:versionName="1.0" >
6
7    <uses-sdk
8        android:minSdkVersion="26"
9        android:targetSdkVersion="34" />
10
11    <uses-permission android:name="android.permission.WAKE_LOCK" />
11-->[androidx.work:work-runtime:2.7.1] AndroidManifest.xml:25:5-68
11-->[androidx.work:work-runtime:2.7.1] AndroidManifest.xml:25:22-65
12    <uses-permission android:name="android.permission.ACCESS_NETWORK_STATE" />
12-->[androidx.work:work-runtime:2.7.1] AndroidManifest.xml:26:5-79
12-->[androidx.work:work-runtime:2.7.1] AndroidManifest.xml:26:22-76
13    <uses-permission android:name="android.permission.RECEIVE_BOOT_COMPLETED" />
13-->[androidx.work:work-runtime:2.7.1] AndroidManifest.xml:27:5-81
13-->[androidx.work:work-runtime:2.7.1] AndroidManifest.xml:27:22-78
14    <uses-permission android:name="android.permission.FOREGROUND_SERVICE" />
14-->[androidx.work:work-runtime:2.7.1] AndroidManifest.xml:28:5-77
14-->[androidx.work:work-runtime:2.7.1] AndroidManifest.xml:28:22-74
15
16    <permission
16-->[androidx.core:core:1.15.0] AndroidManifest.xml:22:5-24:47
17        android:name="com.todo.notes.DYNAMIC_RECEIVER_NOT_EXPORTED_PERMISSION"
17-->[androidx.core:core:1.15.0] AndroidManifest.xml:23:9-81
18        android:protectionLevel="signature" />
18-->[androidx.core:core:1.15.0] AndroidManifest.xml:24:9-44
19
20    <uses-permission android:name="com.todo.notes.DYNAMIC_RECEIVER_NOT_EXPORTED_PERMISSION" />
20-->[androidx.core:core:1.15.0] AndroidManifest.xml:26:5-97
20-->[androidx.core:core:1.15.0] AndroidManifest.xml:26:22-94
21
22    <application
22-->src\main\AndroidManifest.xml:5:5-38:19
23        android:name="com.todo.notes.ToDoNotesApp"
23-->src\main\AndroidManifest.xml:6:9-37
24        android:allowBackup="true"
24-->src\main\AndroidManifest.xml:7:9-35
25        android:appComponentFactory="androidx.core.app.CoreComponentFactory"
25-->[androidx.core:core:1.15.0] AndroidManifest.xml:28:18-86
26        android:dataExtractionRules="@xml/data_extraction_rules"
26-->src\main\AndroidManifest.xml:8:9-65
27        android:debuggable="true"
28        android:extractNativeLibs="false"
29        android:fullBackupContent="@xml/backup_rules"
29-->src\main\AndroidManifest.xml:9:9-54
30        android:icon="@mipmap/ic_launcher"
30-->src\main\AndroidManifest.xml:10:9-43
31        android:label="@string/app_name"
31-->src\main\AndroidManifest.xml:12:9-41
32        android:roundIcon="@mipmap/ic_launcher_round"
32-->src\main\AndroidManifest.xml:11:9-54
33        android:supportsRtl="true"
33-->src\main\AndroidManifest.xml:13:9-35
34        android:theme="@style/Theme.ToDoList" >
34-->src\main\AndroidManifest.xml:14:9-46
35        <activity
35-->src\main\AndroidManifest.xml:17:9-25:20
36            android:name="com.todo.notes.MainActivity"
36-->src\main\AndroidManifest.xml:18:13-41
37            android:exported="true"
37-->src\main\AndroidManifest.xml:19:13-36
38            android:theme="@style/Theme.ToDoList" >
38-->src\main\AndroidManifest.xml:20:13-50
39            <intent-filter>
39-->src\main\AndroidManifest.xml:21:13-24:29
40                <action android:name="android.intent.action.MAIN" />
40-->src\main\AndroidManifest.xml:22:17-69
40-->src\main\AndroidManifest.xml:22:25-66
41
42                <category android:name="android.intent.category.LAUNCHER" />
42-->src\main\AndroidManifest.xml:23:17-77
42-->src\main\AndroidManifest.xml:23:27-74
43            </intent-filter>
44        </activity>
45
46        <receiver
46-->src\main\AndroidManifest.xml:27:9-36:20
47            android:name="com.todo.notes.widget.TodoWidgetReceiver"
47-->src\main\AndroidManifest.xml:28:13-54
48            android:exported="true" >
48-->src\main\AndroidManifest.xml:29:13-36
49            <intent-filter>
49-->src\main\AndroidManifest.xml:30:13-32:29
50                <action android:name="android.appwidget.action.APPWIDGET_UPDATE" />
50-->src\main\AndroidManifest.xml:31:17-84
50-->src\main\AndroidManifest.xml:31:25-81
51            </intent-filter>
52
53            <meta-data
53-->src\main\AndroidManifest.xml:33:13-35:60
54                android:name="android.appwidget.provider"
54-->src\main\AndroidManifest.xml:34:17-58
55                android:resource="@xml/todo_widget_info" />
55-->src\main\AndroidManifest.xml:35:17-57
56        </receiver>
57
58        <activity
58-->[androidx.glance:glance-appwidget:1.1.1] AndroidManifest.xml:23:9-28:62
59            android:name="androidx.glance.appwidget.action.ActionTrampolineActivity"
59-->[androidx.glance:glance-appwidget:1.1.1] AndroidManifest.xml:24:13-85
60            android:enabled="true"
60-->[androidx.glance:glance-appwidget:1.1.1] AndroidManifest.xml:25:13-35
61            android:excludeFromRecents="true"
61-->[androidx.glance:glance-appwidget:1.1.1] AndroidManifest.xml:26:13-46
62            android:exported="false"
62-->[androidx.glance:glance-appwidget:1.1.1] AndroidManifest.xml:27:13-37
63            android:theme="@android:style/Theme.NoDisplay" />
63-->[androidx.glance:glance-appwidget:1.1.1] AndroidManifest.xml:28:13-59
64        <activity
64-->[androidx.glance:glance-appwidget:1.1.1] AndroidManifest.xml:29:9-36:81
65            android:name="androidx.glance.appwidget.action.InvisibleActionTrampolineActivity"
65-->[androidx.glance:glance-appwidget:1.1.1] AndroidManifest.xml:30:13-94
66            android:enabled="true"
66-->[androidx.glance:glance-appwidget:1.1.1] AndroidManifest.xml:31:13-35
67            android:exported="false"
67-->[androidx.glance:glance-appwidget:1.1.1] AndroidManifest.xml:32:13-37
68            android:launchMode="singleInstance"
68-->[androidx.glance:glance-appwidget:1.1.1] AndroidManifest.xml:33:13-48
69            android:noHistory="true"
69-->[androidx.glance:glance-appwidget:1.1.1] AndroidManifest.xml:34:13-37
70            android:taskAffinity="androidx.glance.appwidget.ListAdapterCallbackTrampoline"
70-->[androidx.glance:glance-appwidget:1.1.1] AndroidManifest.xml:35:13-91
71            android:theme="@style/Widget.Glance.AppWidget.CallbackTrampoline" />
71-->[androidx.glance:glance-appwidget:1.1.1] AndroidManifest.xml:36:13-78
72
73        <receiver
73-->[androidx.glance:glance-appwidget:1.1.1] AndroidManifest.xml:38:9-41:40
74            android:name="androidx.glance.appwidget.action.ActionCallbackBroadcastReceiver"
74-->[androidx.glance:glance-appwidget:1.1.1] AndroidManifest.xml:39:13-92
75            android:enabled="true"
75-->[androidx.glance:glance-appwidget:1.1.1] AndroidManifest.xml:40:13-35
76            android:exported="false" />
76-->[androidx.glance:glance-appwidget:1.1.1] AndroidManifest.xml:41:13-37
77        <receiver
77-->[androidx.glance:glance-appwidget:1.1.1] AndroidManifest.xml:42:9-45:40
78            android:name="androidx.glance.appwidget.UnmanagedSessionReceiver"
78-->[androidx.glance:glance-appwidget:1.1.1] AndroidManifest.xml:43:13-78
79            android:enabled="true"
79-->[androidx.glance:glance-appwidget:1.1.1] AndroidManifest.xml:44:13-35
80            android:exported="false" />
80-->[androidx.glance:glance-appwidget:1.1.1] AndroidManifest.xml:45:13-37
81        <receiver
81-->[androidx.glance:glance-appwidget:1.1.1] AndroidManifest.xml:46:9-53:20
82            android:name="androidx.glance.appwidget.MyPackageReplacedReceiver"
82-->[androidx.glance:glance-appwidget:1.1.1] AndroidManifest.xml:47:13-79
83            android:enabled="true"
83-->[androidx.glance:glance-appwidget:1.1.1] AndroidManifest.xml:48:13-35
84            android:exported="false" >
84-->[androidx.glance:glance-appwidget:1.1.1] AndroidManifest.xml:49:13-37
85            <intent-filter>
85-->[androidx.glance:glance-appwidget:1.1.1] AndroidManifest.xml:50:13-52:29
86                <action android:name="android.intent.action.MY_PACKAGE_REPLACED" />
86-->[androidx.glance:glance-appwidget:1.1.1] AndroidManifest.xml:51:17-84
86-->[androidx.glance:glance-appwidget:1.1.1] AndroidManifest.xml:51:25-81
87            </intent-filter>
88        </receiver>
89
90        <service
90-->[androidx.glance:glance-appwidget:1.1.1] AndroidManifest.xml:55:9-58:72
91            android:name="androidx.glance.appwidget.GlanceRemoteViewsService"
91-->[androidx.glance:glance-appwidget:1.1.1] AndroidManifest.xml:56:13-78
92            android:exported="true"
92-->[androidx.glance:glance-appwidget:1.1.1] AndroidManifest.xml:57:13-36
93            android:permission="android.permission.BIND_REMOTEVIEWS" />
93-->[androidx.glance:glance-appwidget:1.1.1] AndroidManifest.xml:58:13-69
94
95        <activity
95-->[androidx.compose.ui:ui-tooling-android:1.8.2] AndroidManifest.xml:23:9-25:39
96            android:name="androidx.compose.ui.tooling.PreviewActivity"
96-->[androidx.compose.ui:ui-tooling-android:1.8.2] AndroidManifest.xml:24:13-71
97            android:exported="true" />
97-->[androidx.compose.ui:ui-tooling-android:1.8.2] AndroidManifest.xml:25:13-36
98        <activity
98-->[androidx.compose.ui:ui-test-manifest:1.8.2] AndroidManifest.xml:23:9-26:79
99            android:name="androidx.activity.ComponentActivity"
99-->[androidx.compose.ui:ui-test-manifest:1.8.2] AndroidManifest.xml:24:13-63
100            android:exported="true"
100-->[androidx.compose.ui:ui-test-manifest:1.8.2] AndroidManifest.xml:25:13-36
101            android:theme="@android:style/Theme.Material.Light.NoActionBar" />
101-->[androidx.compose.ui:ui-test-manifest:1.8.2] AndroidManifest.xml:26:13-76
102
103        <service
103-->[androidx.core:core-remoteviews:1.1.0] AndroidManifest.xml:24:9-27:63
104            android:name="androidx.core.widget.RemoteViewsCompatService"
104-->[androidx.core:core-remoteviews:1.1.0] AndroidManifest.xml:25:13-73
105            android:permission="android.permission.BIND_REMOTEVIEWS" />
105-->[androidx.core:core-remoteviews:1.1.0] AndroidManifest.xml:26:13-69
106
107        <provider
107-->[androidx.work:work-runtime:2.7.1] AndroidManifest.xml:31:9-39:20
108            android:name="androidx.startup.InitializationProvider"
108-->[androidx.work:work-runtime:2.7.1] AndroidManifest.xml:32:13-67
109            android:authorities="com.todo.notes.androidx-startup"
109-->[androidx.work:work-runtime:2.7.1] AndroidManifest.xml:33:13-68
110            android:exported="false" >
110-->[androidx.work:work-runtime:2.7.1] AndroidManifest.xml:34:13-37
111            <meta-data
111-->[androidx.work:work-runtime:2.7.1] AndroidManifest.xml:36:13-38:52
112                android:name="androidx.work.WorkManagerInitializer"
112-->[androidx.work:work-runtime:2.7.1] AndroidManifest.xml:37:17-68
113                android:value="androidx.startup" />
113-->[androidx.work:work-runtime:2.7.1] AndroidManifest.xml:38:17-49
114            <meta-data
114-->[androidx.emoji2:emoji2:1.4.0] AndroidManifest.xml:29:13-31:52
115                android:name="androidx.emoji2.text.EmojiCompatInitializer"
115-->[androidx.emoji2:emoji2:1.4.0] AndroidManifest.xml:30:17-75
116                android:value="androidx.startup" />
116-->[androidx.emoji2:emoji2:1.4.0] AndroidManifest.xml:31:17-49
117            <meta-data
117-->[androidx.lifecycle:lifecycle-process:2.8.7] AndroidManifest.xml:29:13-31:52
118                android:name="androidx.lifecycle.ProcessLifecycleInitializer"
118-->[androidx.lifecycle:lifecycle-process:2.8.7] AndroidManifest.xml:30:17-78
119                android:value="androidx.startup" />
119-->[androidx.lifecycle:lifecycle-process:2.8.7] AndroidManifest.xml:31:17-49
120            <meta-data
120-->[androidx.profileinstaller:profileinstaller:1.4.0] AndroidManifest.xml:29:13-31:52
121                android:name="androidx.profileinstaller.ProfileInstallerInitializer"
121-->[androidx.profileinstaller:profileinstaller:1.4.0] AndroidManifest.xml:30:17-85
122                android:value="androidx.startup" />
122-->[androidx.profileinstaller:profileinstaller:1.4.0] AndroidManifest.xml:31:17-49
123        </provider>
124
125        <service
125-->[androidx.work:work-runtime:2.7.1] AndroidManifest.xml:41:9-46:35
126            android:name="androidx.work.impl.background.systemalarm.SystemAlarmService"
126-->[androidx.work:work-runtime:2.7.1] AndroidManifest.xml:42:13-88
127            android:directBootAware="false"
127-->[androidx.work:work-runtime:2.7.1] AndroidManifest.xml:43:13-44
128            android:enabled="@bool/enable_system_alarm_service_default"
128-->[androidx.work:work-runtime:2.7.1] AndroidManifest.xml:44:13-72
129            android:exported="false" />
129-->[androidx.work:work-runtime:2.7.1] AndroidManifest.xml:45:13-37
130        <service
130-->[androidx.work:work-runtime:2.7.1] AndroidManifest.xml:47:9-53:35
131            android:name="androidx.work.impl.background.systemjob.SystemJobService"
131-->[androidx.work:work-runtime:2.7.1] AndroidManifest.xml:48:13-84
132            android:directBootAware="false"
132-->[androidx.work:work-runtime:2.7.1] AndroidManifest.xml:49:13-44
133            android:enabled="@bool/enable_system_job_service_default"
133-->[androidx.work:work-runtime:2.7.1] AndroidManifest.xml:50:13-70
134            android:exported="true"
134-->[androidx.work:work-runtime:2.7.1] AndroidManifest.xml:51:13-36
135            android:permission="android.permission.BIND_JOB_SERVICE" />
135-->[androidx.work:work-runtime:2.7.1] AndroidManifest.xml:52:13-69
136        <service
136-->[androidx.work:work-runtime:2.7.1] AndroidManifest.xml:54:9-59:35
137            android:name="androidx.work.impl.foreground.SystemForegroundService"
137-->[androidx.work:work-runtime:2.7.1] AndroidManifest.xml:55:13-81
138            android:directBootAware="false"
138-->[androidx.work:work-runtime:2.7.1] AndroidManifest.xml:56:13-44
139            android:enabled="@bool/enable_system_foreground_service_default"
139-->[androidx.work:work-runtime:2.7.1] AndroidManifest.xml:57:13-77
140            android:exported="false" />
140-->[androidx.work:work-runtime:2.7.1] AndroidManifest.xml:58:13-37
141
142        <receiver
142-->[androidx.work:work-runtime:2.7.1] AndroidManifest.xml:61:9-66:35
143            android:name="androidx.work.impl.utils.ForceStopRunnable$BroadcastReceiver"
143-->[androidx.work:work-runtime:2.7.1] AndroidManifest.xml:62:13-88
144            android:directBootAware="false"
144-->[androidx.work:work-runtime:2.7.1] AndroidManifest.xml:63:13-44
145            android:enabled="true"
145-->[androidx.work:work-runtime:2.7.1] AndroidManifest.xml:64:13-35
146            android:exported="false" />
146-->[androidx.work:work-runtime:2.7.1] AndroidManifest.xml:65:13-37
147        <receiver
147-->[androidx.work:work-runtime:2.7.1] AndroidManifest.xml:67:9-77:20
148            android:name="androidx.work.impl.background.systemalarm.ConstraintProxy$BatteryChargingProxy"
148-->[androidx.work:work-runtime:2.7.1] AndroidManifest.xml:68:13-106
149            android:directBootAware="false"
149-->[androidx.work:work-runtime:2.7.1] AndroidManifest.xml:69:13-44
150            android:enabled="false"
150-->[androidx.work:work-runtime:2.7.1] AndroidManifest.xml:70:13-36
151            android:exported="false" >
151-->[androidx.work:work-runtime:2.7.1] AndroidManifest.xml:71:13-37
152            <intent-filter>
152-->[androidx.work:work-runtime:2.7.1] AndroidManifest.xml:73:13-76:29
153                <action android:name="android.intent.action.ACTION_POWER_CONNECTED" />
153-->[androidx.work:work-runtime:2.7.1] AndroidManifest.xml:74:17-87
153-->[androidx.work:work-runtime:2.7.1] AndroidManifest.xml:74:25-84
154                <action android:name="android.intent.action.ACTION_POWER_DISCONNECTED" />
154-->[androidx.work:work-runtime:2.7.1] AndroidManifest.xml:75:17-90
154-->[androidx.work:work-runtime:2.7.1] AndroidManifest.xml:75:25-87
155            </intent-filter>
156        </receiver>
157        <receiver
157-->[androidx.work:work-runtime:2.7.1] AndroidManifest.xml:78:9-88:20
158            android:name="androidx.work.impl.background.systemalarm.ConstraintProxy$BatteryNotLowProxy"
158-->[androidx.work:work-runtime:2.7.1] AndroidManifest.xml:79:13-104
159            android:directBootAware="false"
159-->[androidx.work:work-runtime:2.7.1] AndroidManifest.xml:80:13-44
160            android:enabled="false"
160-->[androidx.work:work-runtime:2.7.1] AndroidManifest.xml:81:13-36
161            android:exported="false" >
161-->[androidx.work:work-runtime:2.7.1] AndroidManifest.xml:82:13-37
162            <intent-filter>
162-->[androidx.work:work-runtime:2.7.1] AndroidManifest.xml:84:13-87:29
163                <action android:name="android.intent.action.BATTERY_OKAY" />
163-->[androidx.work:work-runtime:2.7.1] AndroidManifest.xml:85:17-77
163-->[androidx.work:work-runtime:2.7.1] AndroidManifest.xml:85:25-74
164                <action android:name="android.intent.action.BATTERY_LOW" />
164-->[androidx.work:work-runtime:2.7.1] AndroidManifest.xml:86:17-76
164-->[androidx.work:work-runtime:2.7.1] AndroidManifest.xml:86:25-73
165            </intent-filter>
166        </receiver>
167        <receiver
167-->[androidx.work:work-runtime:2.7.1] AndroidManifest.xml:89:9-99:20
168            android:name="androidx.work.impl.background.systemalarm.ConstraintProxy$StorageNotLowProxy"
168-->[androidx.work:work-runtime:2.7.1] AndroidManifest.xml:90:13-104
169            android:directBootAware="false"
169-->[androidx.work:work-runtime:2.7.1] AndroidManifest.xml:91:13-44
170            android:enabled="false"
170-->[androidx.work:work-runtime:2.7.1] AndroidManifest.xml:92:13-36
171            android:exported="false" >
171-->[androidx.work:work-runtime:2.7.1] AndroidManifest.xml:93:13-37
172            <intent-filter>
172-->[androidx.work:work-runtime:2.7.1] AndroidManifest.xml:95:13-98:29
173                <action android:name="android.intent.action.DEVICE_STORAGE_LOW" />
173-->[androidx.work:work-runtime:2.7.1] AndroidManifest.xml:96:17-83
173-->[androidx.work:work-runtime:2.7.1] AndroidManifest.xml:96:25-80
174                <action android:name="android.intent.action.DEVICE_STORAGE_OK" />
174-->[androidx.work:work-runtime:2.7.1] AndroidManifest.xml:97:17-82
174-->[androidx.work:work-runtime:2.7.1] AndroidManifest.xml:97:25-79
175            </intent-filter>
176        </receiver>
177        <receiver
177-->[androidx.work:work-runtime:2.7.1] AndroidManifest.xml:100:9-109:20
178            android:name="androidx.work.impl.background.systemalarm.ConstraintProxy$NetworkStateProxy"
178-->[androidx.work:work-runtime:2.7.1] AndroidManifest.xml:101:13-103
179            android:directBootAware="false"
179-->[androidx.work:work-runtime:2.7.1] AndroidManifest.xml:102:13-44
180            android:enabled="false"
180-->[androidx.work:work-runtime:2.7.1] AndroidManifest.xml:103:13-36
181            android:exported="false" >
181-->[androidx.work:work-runtime:2.7.1] AndroidManifest.xml:104:13-37
182            <intent-filter>
182-->[androidx.work:work-runtime:2.7.1] AndroidManifest.xml:106:13-108:29
183                <action android:name="android.net.conn.CONNECTIVITY_CHANGE" />
183-->[androidx.work:work-runtime:2.7.1] AndroidManifest.xml:107:17-79
183-->[androidx.work:work-runtime:2.7.1] AndroidManifest.xml:107:25-76
184            </intent-filter>
185        </receiver>
186        <receiver
186-->[androidx.work:work-runtime:2.7.1] AndroidManifest.xml:110:9-121:20
187            android:name="androidx.work.impl.background.systemalarm.RescheduleReceiver"
187-->[androidx.work:work-runtime:2.7.1] AndroidManifest.xml:111:13-88
188            android:directBootAware="false"
188-->[androidx.work:work-runtime:2.7.1] AndroidManifest.xml:112:13-44
189            android:enabled="false"
189-->[androidx.work:work-runtime:2.7.1] AndroidManifest.xml:113:13-36
190            android:exported="false" >
190-->[androidx.work:work-runtime:2.7.1] AndroidManifest.xml:114:13-37
191            <intent-filter>
191-->[androidx.work:work-runtime:2.7.1] AndroidManifest.xml:116:13-120:29
192                <action android:name="android.intent.action.BOOT_COMPLETED" />
192-->[androidx.work:work-runtime:2.7.1] AndroidManifest.xml:117:17-79
192-->[androidx.work:work-runtime:2.7.1] AndroidManifest.xml:117:25-76
193                <action android:name="android.intent.action.TIME_SET" />
193-->[androidx.work:work-runtime:2.7.1] AndroidManifest.xml:118:17-73
193-->[androidx.work:work-runtime:2.7.1] AndroidManifest.xml:118:25-70
194                <action android:name="android.intent.action.TIMEZONE_CHANGED" />
194-->[androidx.work:work-runtime:2.7.1] AndroidManifest.xml:119:17-81
194-->[androidx.work:work-runtime:2.7.1] AndroidManifest.xml:119:25-78
195            </intent-filter>
196        </receiver>
197        <receiver
197-->[androidx.work:work-runtime:2.7.1] AndroidManifest.xml:122:9-131:20
198            android:name="androidx.work.impl.background.systemalarm.ConstraintProxyUpdateReceiver"
198-->[androidx.work:work-runtime:2.7.1] AndroidManifest.xml:123:13-99
199            android:directBootAware="false"
199-->[androidx.work:work-runtime:2.7.1] AndroidManifest.xml:124:13-44
200            android:enabled="@bool/enable_system_alarm_service_default"
200-->[androidx.work:work-runtime:2.7.1] AndroidManifest.xml:125:13-72
201            android:exported="false" >
201-->[androidx.work:work-runtime:2.7.1] AndroidManifest.xml:126:13-37
202            <intent-filter>
202-->[androidx.work:work-runtime:2.7.1] AndroidManifest.xml:128:13-130:29
203                <action android:name="androidx.work.impl.background.systemalarm.UpdateProxies" />
203-->[androidx.work:work-runtime:2.7.1] AndroidManifest.xml:129:17-98
203-->[androidx.work:work-runtime:2.7.1] AndroidManifest.xml:129:25-95
204            </intent-filter>
205        </receiver>
206        <receiver
206-->[androidx.work:work-runtime:2.7.1] AndroidManifest.xml:132:9-142:20
207            android:name="androidx.work.impl.diagnostics.DiagnosticsReceiver"
207-->[androidx.work:work-runtime:2.7.1] AndroidManifest.xml:133:13-78
208            android:directBootAware="false"
208-->[androidx.work:work-runtime:2.7.1] AndroidManifest.xml:134:13-44
209            android:enabled="true"
209-->[androidx.work:work-runtime:2.7.1] AndroidManifest.xml:135:13-35
210            android:exported="true"
210-->[androidx.work:work-runtime:2.7.1] AndroidManifest.xml:136:13-36
211            android:permission="android.permission.DUMP" >
211-->[androidx.work:work-runtime:2.7.1] AndroidManifest.xml:137:13-57
212            <intent-filter>
212-->[androidx.work:work-runtime:2.7.1] AndroidManifest.xml:139:13-141:29
213                <action android:name="androidx.work.diagnostics.REQUEST_DIAGNOSTICS" />
213-->[androidx.work:work-runtime:2.7.1] AndroidManifest.xml:140:17-88
213-->[androidx.work:work-runtime:2.7.1] AndroidManifest.xml:140:25-85
214            </intent-filter>
215        </receiver>
216
217        <service
217-->[androidx.room:room-runtime-android:2.7.1] AndroidManifest.xml:24:9-28:63
218            android:name="androidx.room.MultiInstanceInvalidationService"
218-->[androidx.room:room-runtime-android:2.7.1] AndroidManifest.xml:25:13-74
219            android:directBootAware="true"
219-->[androidx.room:room-runtime-android:2.7.1] AndroidManifest.xml:26:13-43
220            android:exported="false" />
220-->[androidx.room:room-runtime-android:2.7.1] AndroidManifest.xml:27:13-37
221
222        <receiver
222-->[androidx.profileinstaller:profileinstaller:1.4.0] AndroidManifest.xml:34:9-52:20
223            android:name="androidx.profileinstaller.ProfileInstallReceiver"
223-->[androidx.profileinstaller:profileinstaller:1.4.0] AndroidManifest.xml:35:13-76
224            android:directBootAware="false"
224-->[androidx.profileinstaller:profileinstaller:1.4.0] AndroidManifest.xml:36:13-44
225            android:enabled="true"
225-->[androidx.profileinstaller:profileinstaller:1.4.0] AndroidManifest.xml:37:13-35
226            android:exported="true"
226-->[androidx.profileinstaller:profileinstaller:1.4.0] AndroidManifest.xml:38:13-36
227            android:permission="android.permission.DUMP" >
227-->[androidx.profileinstaller:profileinstaller:1.4.0] AndroidManifest.xml:39:13-57
228            <intent-filter>
228-->[androidx.profileinstaller:profileinstaller:1.4.0] AndroidManifest.xml:40:13-42:29
229                <action android:name="androidx.profileinstaller.action.INSTALL_PROFILE" />
229-->[androidx.profileinstaller:profileinstaller:1.4.0] AndroidManifest.xml:41:17-91
229-->[androidx.profileinstaller:profileinstaller:1.4.0] AndroidManifest.xml:41:25-88
230            </intent-filter>
231            <intent-filter>
231-->[androidx.profileinstaller:profileinstaller:1.4.0] AndroidManifest.xml:43:13-45:29
232                <action android:name="androidx.profileinstaller.action.SKIP_FILE" />
232-->[androidx.profileinstaller:profileinstaller:1.4.0] AndroidManifest.xml:44:17-85
232-->[androidx.profileinstaller:profileinstaller:1.4.0] AndroidManifest.xml:44:25-82
233            </intent-filter>
234            <intent-filter>
234-->[androidx.profileinstaller:profileinstaller:1.4.0] AndroidManifest.xml:46:13-48:29
235                <action android:name="androidx.profileinstaller.action.SAVE_PROFILE" />
235-->[androidx.profileinstaller:profileinstaller:1.4.0] AndroidManifest.xml:47:17-88
235-->[androidx.profileinstaller:profileinstaller:1.4.0] AndroidManifest.xml:47:25-85
236            </intent-filter>
237            <intent-filter>
237-->[androidx.profileinstaller:profileinstaller:1.4.0] AndroidManifest.xml:49:13-51:29
238                <action android:name="androidx.profileinstaller.action.BENCHMARK_OPERATION" />
238-->[androidx.profileinstaller:profileinstaller:1.4.0] AndroidManifest.xml:50:17-95
238-->[androidx.profileinstaller:profileinstaller:1.4.0] AndroidManifest.xml:50:25-92
239            </intent-filter>
240        </receiver>
241    </application>
242
243</manifest>